2023-02-25 02:47:25,139 [INFO] Activator:179 - 


2023-02-25 02:47:25,140 [INFO] Activator:180 - !SESSION log4j initialized
2023-02-25 02:47:28,952 [ERROR] ConfigurationRetriever:140 - IOException on connection: citools.st.com
2023-02-25 02:47:28,976 [ERROR] ConfigurationRetriever:140 - IOException on connection: citools.st.com
2023-02-25 02:47:28,977 [ERROR] ConfigurationRetriever:140 - IOException on connection: citools.st.com
2023-02-25 02:47:49,784 [ERROR] LogOutputStream:74 - [STDERR_REDIRECT] SLF4J: Failed to load class "org.slf4j.impl.StaticLoggerBinder".
2023-02-25 02:47:49,785 [ERROR] LogOutputStream:74 - [STDERR_REDIRECT] SLF4J: Defaulting to no-operation (NOP) logger implementation
2023-02-25 02:47:49,785 [ERROR] LogOutputStream:74 - [STDERR_REDIRECT] SLF4J: See http://www.slf4j.org/codes.html#StaticLoggerBinder for further details.
2023-02-25 02:48:43,814 [ERROR] ConfigurationRetriever:140 - IOException on connection: citools.st.com
2023-02-25 02:48:43,815 [ERROR] ConfigurationRetriever:140 - IOException on connection: citools.st.com
2023-02-25 02:48:43,815 [ERROR] ConfigurationRetriever:140 - IOException on connection: citools.st.com
2023-02-25 02:48:45,362 [ERROR] ConfigurationRetriever:140 - IOException on connection: citools.st.com
2023-02-25 02:48:45,363 [ERROR] ConfigurationRetriever:140 - IOException on connection: citools.st.com
2023-02-25 02:48:45,363 [ERROR] ConfigurationRetriever:140 - IOException on connection: citools.st.com
2023-02-25 02:48:46,482 [ERROR] ConfigurationRetriever:140 - IOException on connection: citools.st.com
2023-02-25 02:48:46,484 [ERROR] ConfigurationRetriever:140 - IOException on connection: citools.st.com
2023-02-25 02:48:46,485 [ERROR] ConfigurationRetriever:140 - IOException on connection: citools.st.com
2023-02-25 02:48:47,669 [ERROR] ConfigurationRetriever:140 - IOException on connection: citools.st.com
2023-02-25 02:48:47,670 [ERROR] ConfigurationRetriever:140 - IOException on connection: citools.st.com
2023-02-25 02:48:47,671 [ERROR] ConfigurationRetriever:140 - IOException on connection: citools.st.com
2023-02-25 02:48:49,020 [ERROR] ConfigurationRetriever:140 - IOException on connection: citools.st.com
2023-02-25 02:48:49,021 [ERROR] ConfigurationRetriever:140 - IOException on connection: citools.st.com
2023-02-25 02:48:49,022 [ERROR] ConfigurationRetriever:140 - IOException on connection: citools.st.com
2023-02-25 02:48:50,192 [ERROR] ConfigurationRetriever:140 - IOException on connection: citools.st.com
2023-02-25 02:48:50,193 [ERROR] ConfigurationRetriever:140 - IOException on connection: citools.st.com
2023-02-25 02:48:50,194 [ERROR] ConfigurationRetriever:140 - IOException on connection: citools.st.com
2023-02-25 02:48:51,310 [ERROR] ConfigurationRetriever:140 - IOException on connection: citools.st.com
2023-02-25 02:48:51,310 [ERROR] ConfigurationRetriever:140 - IOException on connection: citools.st.com
2023-02-25 02:48:51,311 [ERROR] ConfigurationRetriever:140 - IOException on connection: citools.st.com
2023-02-25 02:48:52,446 [ERROR] ConfigurationRetriever:140 - IOException on connection: citools.st.com
2023-02-25 02:48:52,447 [ERROR] ConfigurationRetriever:140 - IOException on connection: citools.st.com
2023-02-25 02:48:52,447 [ERROR] ConfigurationRetriever:140 - IOException on connection: citools.st.com
2023-02-25 02:48:53,520 [ERROR] ConfigurationRetriever:140 - IOException on connection: citools.st.com
2023-02-25 02:48:53,521 [ERROR] ConfigurationRetriever:140 - IOException on connection: citools.st.com
2023-02-25 02:48:53,521 [ERROR] ConfigurationRetriever:140 - IOException on connection: citools.st.com
2023-02-25 02:48:54,853 [ERROR] ConfigurationRetriever:140 - IOException on connection: citools.st.com
2023-02-25 02:48:54,853 [ERROR] ConfigurationRetriever:140 - IOException on connection: citools.st.com
2023-02-25 02:48:54,854 [ERROR] ConfigurationRetriever:140 - IOException on connection: citools.st.com
2023-02-25 02:48:55,980 [ERROR] ConfigurationRetriever:140 - IOException on connection: citools.st.com
2023-02-25 02:48:55,981 [ERROR] ConfigurationRetriever:140 - IOException on connection: citools.st.com
2023-02-25 02:48:55,981 [ERROR] ConfigurationRetriever:140 - IOException on connection: citools.st.com
2023-02-25 02:48:57,097 [ERROR] ConfigurationRetriever:140 - IOException on connection: citools.st.com
2023-02-25 02:48:57,098 [ERROR] ConfigurationRetriever:140 - IOException on connection: citools.st.com
2023-02-25 02:48:57,099 [ERROR] ConfigurationRetriever:140 - IOException on connection: citools.st.com
2023-02-25 02:48:58,211 [ERROR] ConfigurationRetriever:140 - IOException on connection: citools.st.com
2023-02-25 02:48:58,218 [ERROR] ConfigurationRetriever:140 - IOException on connection: citools.st.com
2023-02-25 02:48:58,219 [ERROR] ConfigurationRetriever:140 - IOException on connection: citools.st.com
2023-02-25 02:48:59,365 [ERROR] ConfigurationRetriever:140 - IOException on connection: citools.st.com
2023-02-25 02:48:59,366 [ERROR] ConfigurationRetriever:140 - IOException on connection: citools.st.com
2023-02-25 02:48:59,367 [ERROR] ConfigurationRetriever:140 - IOException on connection: citools.st.com
2023-02-25 02:49:00,442 [ERROR] ConfigurationRetriever:140 - IOException on connection: citools.st.com
2023-02-25 02:49:00,442 [ERROR] ConfigurationRetriever:140 - IOException on connection: citools.st.com
2023-02-25 02:49:00,447 [ERROR] ConfigurationRetriever:140 - IOException on connection: citools.st.com
2023-02-25 02:49:01,540 [ERROR] ConfigurationRetriever:140 - IOException on connection: citools.st.com
2023-02-25 02:49:01,541 [ERROR] ConfigurationRetriever:140 - IOException on connection: citools.st.com
2023-02-25 02:49:01,541 [ERROR] ConfigurationRetriever:140 - IOException on connection: citools.st.com
2023-02-25 02:49:02,747 [ERROR] ConfigurationRetriever:140 - IOException on connection: citools.st.com
2023-02-25 02:49:02,749 [ERROR] ConfigurationRetriever:140 - IOException on connection: citools.st.com
2023-02-25 02:49:02,751 [ERROR] ConfigurationRetriever:140 - IOException on connection: citools.st.com
2023-02-25 02:49:03,906 [ERROR] ConfigurationRetriever:140 - IOException on connection: citools.st.com
2023-02-25 02:49:03,907 [ERROR] ConfigurationRetriever:140 - IOException on connection: citools.st.com
2023-02-25 02:49:03,908 [ERROR] ConfigurationRetriever:140 - IOException on connection: citools.st.com
2023-02-25 02:49:05,033 [ERROR] ConfigurationRetriever:140 - IOException on connection: citools.st.com
2023-02-25 02:49:05,033 [ERROR] ConfigurationRetriever:140 - IOException on connection: citools.st.com
2023-02-25 02:49:05,034 [ERROR] ConfigurationRetriever:140 - IOException on connection: citools.st.com
2023-02-25 02:49:06,125 [ERROR] ConfigurationRetriever:140 - IOException on connection: citools.st.com
2023-02-25 02:49:06,126 [ERROR] ConfigurationRetriever:140 - IOException on connection: citools.st.com
2023-02-25 02:49:06,126 [ERROR] ConfigurationRetriever:140 - IOException on connection: citools.st.com
2023-02-25 02:49:07,202 [ERROR] ConfigurationRetriever:140 - IOException on connection: citools.st.com
2023-02-25 02:49:07,202 [ERROR] ConfigurationRetriever:140 - IOException on connection: citools.st.com
2023-02-25 02:49:07,202 [ERROR] ConfigurationRetriever:140 - IOException on connection: citools.st.com
2023-02-25 02:49:08,303 [ERROR] ConfigurationRetriever:140 - IOException on connection: citools.st.com
2023-02-25 02:49:08,304 [ERROR] ConfigurationRetriever:140 - IOException on connection: citools.st.com
2023-02-25 02:49:08,305 [ERROR] ConfigurationRetriever:140 - IOException on connection: citools.st.com
2023-02-25 02:49:09,385 [ERROR] ConfigurationRetriever:140 - IOException on connection: citools.st.com
2023-02-25 02:49:09,386 [ERROR] ConfigurationRetriever:140 - IOException on connection: citools.st.com
2023-02-25 02:49:09,386 [ERROR] ConfigurationRetriever:140 - IOException on connection: citools.st.com
2023-02-25 02:49:10,451 [ERROR] ConfigurationRetriever:140 - IOException on connection: citools.st.com
2023-02-25 02:49:10,452 [ERROR] ConfigurationRetriever:140 - IOException on connection: citools.st.com
2023-02-25 02:49:10,453 [ERROR] ConfigurationRetriever:140 - IOException on connection: citools.st.com
2023-02-25 02:49:11,742 [ERROR] ConfigurationRetriever:140 - IOException on connection: citools.st.com
2023-02-25 02:49:11,743 [ERROR] ConfigurationRetriever:140 - IOException on connection: citools.st.com
2023-02-25 02:49:11,756 [ERROR] ConfigurationRetriever:140 - IOException on connection: citools.st.com
2023-02-25 02:49:12,848 [ERROR] ConfigurationRetriever:140 - IOException on connection: citools.st.com
2023-02-25 02:49:12,849 [ERROR] ConfigurationRetriever:140 - IOException on connection: citools.st.com
2023-02-25 02:49:12,850 [ERROR] ConfigurationRetriever:140 - IOException on connection: citools.st.com
2023-02-25 02:49:14,127 [ERROR] ConfigurationRetriever:140 - IOException on connection: citools.st.com
2023-02-25 02:49:14,128 [ERROR] ConfigurationRetriever:140 - IOException on connection: citools.st.com
2023-02-25 02:49:14,128 [ERROR] ConfigurationRetriever:140 - IOException on connection: citools.st.com
2023-02-25 02:49:15,357 [ERROR] ConfigurationRetriever:140 - IOException on connection: citools.st.com
2023-02-25 02:49:15,357 [ERROR] ConfigurationRetriever:140 - IOException on connection: citools.st.com
2023-02-25 02:49:15,358 [ERROR] ConfigurationRetriever:140 - IOException on connection: citools.st.com
2023-02-25 02:49:16,448 [ERROR] ConfigurationRetriever:140 - IOException on connection: citools.st.com
2023-02-25 02:49:16,448 [ERROR] ConfigurationRetriever:140 - IOException on connection: citools.st.com
2023-02-25 02:49:16,449 [ERROR] ConfigurationRetriever:140 - IOException on connection: citools.st.com
2023-02-25 02:49:17,512 [ERROR] ConfigurationRetriever:140 - IOException on connection: citools.st.com
2023-02-25 02:49:17,514 [ERROR] ConfigurationRetriever:140 - IOException on connection: citools.st.com
2023-02-25 02:49:17,529 [ERROR] ConfigurationRetriever:140 - IOException on connection: citools.st.com
2023-02-25 02:49:18,649 [ERROR] ConfigurationRetriever:140 - IOException on connection: citools.st.com
2023-02-25 02:49:18,650 [ERROR] ConfigurationRetriever:140 - IOException on connection: citools.st.com
2023-02-25 02:49:18,651 [ERROR] ConfigurationRetriever:140 - IOException on connection: citools.st.com
2023-02-25 02:49:19,891 [ERROR] ConfigurationRetriever:140 - IOException on connection: citools.st.com
2023-02-25 02:49:19,891 [ERROR] ConfigurationRetriever:140 - IOException on connection: citools.st.com
2023-02-25 02:49:19,892 [ERROR] ConfigurationRetriever:140 - IOException on connection: citools.st.com
2023-02-25 02:49:21,005 [ERROR] ConfigurationRetriever:140 - IOException on connection: citools.st.com
2023-02-25 02:49:21,006 [ERROR] ConfigurationRetriever:140 - IOException on connection: citools.st.com
2023-02-25 02:49:21,006 [ERROR] ConfigurationRetriever:140 - IOException on connection: citools.st.com
2023-02-25 02:49:22,139 [ERROR] ConfigurationRetriever:140 - IOException on connection: citools.st.com
2023-02-25 02:49:22,139 [ERROR] ConfigurationRetriever:140 - IOException on connection: citools.st.com
2023-02-25 02:49:22,140 [ERROR] ConfigurationRetriever:140 - IOException on connection: citools.st.com
2023-02-25 02:49:23,233 [ERROR] ConfigurationRetriever:140 - IOException on connection: citools.st.com
2023-02-25 02:49:23,234 [ERROR] ConfigurationRetriever:140 - IOException on connection: citools.st.com
2023-02-25 02:49:23,234 [ERROR] ConfigurationRetriever:140 - IOException on connection: citools.st.com
2023-02-25 02:49:24,313 [ERROR] ConfigurationRetriever:140 - IOException on connection: citools.st.com
2023-02-25 02:49:24,314 [ERROR] ConfigurationRetriever:140 - IOException on connection: citools.st.com
2023-02-25 02:49:24,315 [ERROR] ConfigurationRetriever:140 - IOException on connection: citools.st.com
2023-02-25 02:49:25,462 [ERROR] ConfigurationRetriever:140 - IOException on connection: citools.st.com
2023-02-25 02:49:25,463 [ERROR] ConfigurationRetriever:140 - IOException on connection: citools.st.com
2023-02-25 02:49:25,463 [ERROR] ConfigurationRetriever:140 - IOException on connection: citools.st.com
2023-02-25 02:49:26,561 [ERROR] ConfigurationRetriever:140 - IOException on connection: citools.st.com
2023-02-25 02:49:26,562 [ERROR] ConfigurationRetriever:140 - IOException on connection: citools.st.com
2023-02-25 02:49:26,562 [ERROR] ConfigurationRetriever:140 - IOException on connection: citools.st.com
2023-02-25 02:49:27,720 [ERROR] ConfigurationRetriever:140 - IOException on connection: citools.st.com
2023-02-25 02:49:27,720 [ERROR] ConfigurationRetriever:140 - IOException on connection: citools.st.com
2023-02-25 02:49:27,721 [ERROR] ConfigurationRetriever:140 - IOException on connection: citools.st.com
2023-02-25 02:55:08,415 [ERROR] ConfigurationRetriever:140 - IOException on connection: citools.st.com
2023-02-25 02:55:08,416 [ERROR] ConfigurationRetriever:140 - IOException on connection: citools.st.com
2023-02-25 02:55:08,416 [ERROR] ConfigurationRetriever:140 - IOException on connection: citools.st.com
2023-02-25 02:55:09,601 [ERROR] ConfigurationRetriever:140 - IOException on connection: citools.st.com
2023-02-25 02:55:09,602 [ERROR] ConfigurationRetriever:140 - IOException on connection: citools.st.com
2023-02-25 02:55:09,603 [ERROR] ConfigurationRetriever:140 - IOException on connection: citools.st.com
2023-02-25 02:55:10,630 [ERROR] ConfigurationRetriever:140 - IOException on connection: citools.st.com
2023-02-25 02:55:10,630 [ERROR] ConfigurationRetriever:140 - IOException on connection: citools.st.com
2023-02-25 02:55:10,631 [ERROR] ConfigurationRetriever:140 - IOException on connection: citools.st.com
2023-02-25 02:55:11,717 [ERROR] ConfigurationRetriever:140 - IOException on connection: citools.st.com
2023-02-25 02:55:11,718 [ERROR] ConfigurationRetriever:140 - IOException on connection: citools.st.com
2023-02-25 02:55:11,718 [ERROR] ConfigurationRetriever:140 - IOException on connection: citools.st.com
2023-02-25 02:55:12,821 [ERROR] ConfigurationRetriever:140 - IOException on connection: citools.st.com
2023-02-25 02:55:12,822 [ERROR] ConfigurationRetriever:140 - IOException on connection: citools.st.com
2023-02-25 02:55:12,822 [ERROR] ConfigurationRetriever:140 - IOException on connection: citools.st.com
2023-02-25 02:55:13,914 [ERROR] ConfigurationRetriever:140 - IOException on connection: citools.st.com
2023-02-25 02:55:13,914 [ERROR] ConfigurationRetriever:140 - IOException on connection: citools.st.com
2023-02-25 02:55:13,915 [ERROR] ConfigurationRetriever:140 - IOException on connection: citools.st.com
2023-02-25 02:55:15,008 [ERROR] ConfigurationRetriever:140 - IOException on connection: citools.st.com
2023-02-25 02:55:15,009 [ERROR] ConfigurationRetriever:140 - IOException on connection: citools.st.com
2023-02-25 02:55:15,009 [ERROR] ConfigurationRetriever:140 - IOException on connection: citools.st.com
2023-02-25 02:55:16,058 [ERROR] ConfigurationRetriever:140 - IOException on connection: citools.st.com
2023-02-25 02:55:16,059 [ERROR] ConfigurationRetriever:140 - IOException on connection: citools.st.com
2023-02-25 02:55:16,059 [ERROR] ConfigurationRetriever:140 - IOException on connection: citools.st.com
2023-02-25 02:55:17,138 [ERROR] ConfigurationRetriever:140 - IOException on connection: citools.st.com
2023-02-25 02:55:17,139 [ERROR] ConfigurationRetriever:140 - IOException on connection: citools.st.com
2023-02-25 02:55:17,141 [ERROR] ConfigurationRetriever:140 - IOException on connection: citools.st.com
2023-02-25 02:55:18,209 [ERROR] ConfigurationRetriever:140 - IOException on connection: citools.st.com
2023-02-25 02:55:18,210 [ERROR] ConfigurationRetriever:140 - IOException on connection: citools.st.com
2023-02-25 02:55:18,210 [ERROR] ConfigurationRetriever:140 - IOException on connection: citools.st.com
2023-02-25 02:55:19,295 [ERROR] ConfigurationRetriever:140 - IOException on connection: citools.st.com
2023-02-25 02:55:19,296 [ERROR] ConfigurationRetriever:140 - IOException on connection: citools.st.com
2023-02-25 02:55:19,296 [ERROR] ConfigurationRetriever:140 - IOException on connection: citools.st.com
2023-02-25 02:55:20,364 [ERROR] ConfigurationRetriever:140 - IOException on connection: citools.st.com
2023-02-25 02:55:20,365 [ERROR] ConfigurationRetriever:140 - IOException on connection: citools.st.com
2023-02-25 02:55:20,365 [ERROR] ConfigurationRetriever:140 - IOException on connection: citools.st.com
2023-02-25 02:55:21,438 [ERROR] ConfigurationRetriever:140 - IOException on connection: citools.st.com
2023-02-25 02:55:21,438 [ERROR] ConfigurationRetriever:140 - IOException on connection: citools.st.com
2023-02-25 02:55:21,439 [ERROR] ConfigurationRetriever:140 - IOException on connection: citools.st.com
2023-02-25 02:55:22,531 [ERROR] ConfigurationRetriever:140 - IOException on connection: citools.st.com
2023-02-25 02:55:22,534 [ERROR] ConfigurationRetriever:140 - IOException on connection: citools.st.com
2023-02-25 02:55:22,534 [ERROR] ConfigurationRetriever:140 - IOException on connection: citools.st.com
2023-02-25 02:55:23,592 [ERROR] ConfigurationRetriever:140 - IOException on connection: citools.st.com
2023-02-25 02:55:23,593 [ERROR] ConfigurationRetriever:140 - IOException on connection: citools.st.com
2023-02-25 02:55:23,593 [ERROR] ConfigurationRetriever:140 - IOException on connection: citools.st.com
2023-02-25 02:55:24,661 [ERROR] ConfigurationRetriever:140 - IOException on connection: citools.st.com
2023-02-25 02:55:24,662 [ERROR] ConfigurationRetriever:140 - IOException on connection: citools.st.com
2023-02-25 02:55:24,662 [ERROR] ConfigurationRetriever:140 - IOException on connection: citools.st.com
2023-02-25 02:55:25,764 [ERROR] ConfigurationRetriever:140 - IOException on connection: citools.st.com
2023-02-25 02:55:25,764 [ERROR] ConfigurationRetriever:140 - IOException on connection: citools.st.com
2023-02-25 02:55:25,765 [ERROR] ConfigurationRetriever:140 - IOException on connection: citools.st.com
2023-02-25 02:55:26,845 [ERROR] ConfigurationRetriever:140 - IOException on connection: citools.st.com
2023-02-25 02:55:26,846 [ERROR] ConfigurationRetriever:140 - IOException on connection: citools.st.com
2023-02-25 02:55:26,846 [ERROR] ConfigurationRetriever:140 - IOException on connection: citools.st.com
2023-02-25 02:55:27,920 [ERROR] ConfigurationRetriever:140 - IOException on connection: citools.st.com
2023-02-25 02:55:27,921 [ERROR] ConfigurationRetriever:140 - IOException on connection: citools.st.com
2023-02-25 02:55:27,922 [ERROR] ConfigurationRetriever:140 - IOException on connection: citools.st.com
2023-02-25 02:55:29,013 [ERROR] ConfigurationRetriever:140 - IOException on connection: citools.st.com
2023-02-25 02:55:29,014 [ERROR] ConfigurationRetriever:140 - IOException on connection: citools.st.com
2023-02-25 02:55:29,014 [ERROR] ConfigurationRetriever:140 - IOException on connection: citools.st.com
2023-02-25 02:55:30,081 [ERROR] ConfigurationRetriever:140 - IOException on connection: citools.st.com
2023-02-25 02:55:30,082 [ERROR] ConfigurationRetriever:140 - IOException on connection: citools.st.com
2023-02-25 02:55:30,082 [ERROR] ConfigurationRetriever:140 - IOException on connection: citools.st.com
2023-02-25 02:55:31,150 [ERROR] ConfigurationRetriever:140 - IOException on connection: citools.st.com
2023-02-25 02:55:31,150 [ERROR] ConfigurationRetriever:140 - IOException on connection: citools.st.com
2023-02-25 02:55:31,151 [ERROR] ConfigurationRetriever:140 - IOException on connection: citools.st.com
2023-02-25 02:55:32,234 [ERROR] ConfigurationRetriever:140 - IOException on connection: citools.st.com
2023-02-25 02:55:32,237 [ERROR] ConfigurationRetriever:140 - IOException on connection: citools.st.com
2023-02-25 02:55:32,238 [ERROR] ConfigurationRetriever:140 - IOException on connection: citools.st.com
2023-02-25 02:55:33,309 [ERROR] ConfigurationRetriever:140 - IOException on connection: citools.st.com
2023-02-25 02:55:33,310 [ERROR] ConfigurationRetriever:140 - IOException on connection: citools.st.com
2023-02-25 02:55:33,310 [ERROR] ConfigurationRetriever:140 - IOException on connection: citools.st.com
2023-02-25 02:55:34,416 [ERROR] ConfigurationRetriever:140 - IOException on connection: citools.st.com
2023-02-25 02:55:34,417 [ERROR] ConfigurationRetriever:140 - IOException on connection: citools.st.com
2023-02-25 02:55:34,417 [ERROR] ConfigurationRetriever:140 - IOException on connection: citools.st.com
2023-02-25 02:55:35,504 [ERROR] ConfigurationRetriever:140 - IOException on connection: citools.st.com
2023-02-25 02:55:35,505 [ERROR] ConfigurationRetriever:140 - IOException on connection: citools.st.com
2023-02-25 02:55:35,506 [ERROR] ConfigurationRetriever:140 - IOException on connection: citools.st.com
2023-02-25 02:55:36,618 [ERROR] ConfigurationRetriever:140 - IOException on connection: citools.st.com
2023-02-25 02:55:36,618 [ERROR] ConfigurationRetriever:140 - IOException on connection: citools.st.com
2023-02-25 02:55:36,619 [ERROR] ConfigurationRetriever:140 - IOException on connection: citools.st.com
2023-02-25 02:55:37,727 [ERROR] ConfigurationRetriever:140 - IOException on connection: citools.st.com
2023-02-25 02:55:37,728 [ERROR] ConfigurationRetriever:140 - IOException on connection: citools.st.com
2023-02-25 02:55:37,728 [ERROR] ConfigurationRetriever:140 - IOException on connection: citools.st.com
2023-02-25 02:55:38,796 [ERROR] ConfigurationRetriever:140 - IOException on connection: citools.st.com
2023-02-25 02:55:38,802 [ERROR] ConfigurationRetriever:140 - IOException on connection: citools.st.com
2023-02-25 02:55:38,802 [ERROR] ConfigurationRetriever:140 - IOException on connection: citools.st.com
2023-02-25 02:55:39,851 [ERROR] ConfigurationRetriever:140 - IOException on connection: citools.st.com
2023-02-25 02:55:39,853 [ERROR] ConfigurationRetriever:140 - IOException on connection: citools.st.com
2023-02-25 02:55:39,854 [ERROR] ConfigurationRetriever:140 - IOException on connection: citools.st.com
2023-02-25 02:55:40,968 [ERROR] ConfigurationRetriever:140 - IOException on connection: citools.st.com
2023-02-25 02:55:40,969 [ERROR] ConfigurationRetriever:140 - IOException on connection: citools.st.com
2023-02-25 02:55:40,970 [ERROR] ConfigurationRetriever:140 - IOException on connection: citools.st.com
2023-02-25 02:55:42,065 [ERROR] ConfigurationRetriever:140 - IOException on connection: citools.st.com
2023-02-25 02:55:42,066 [ERROR] ConfigurationRetriever:140 - IOException on connection: citools.st.com
2023-02-25 02:55:42,066 [ERROR] ConfigurationRetriever:140 - IOException on connection: citools.st.com
2023-02-25 02:55:43,138 [ERROR] ConfigurationRetriever:140 - IOException on connection: citools.st.com
2023-02-25 02:55:43,141 [ERROR] ConfigurationRetriever:140 - IOException on connection: citools.st.com
2023-02-25 02:55:43,142 [ERROR] ConfigurationRetriever:140 - IOException on connection: citools.st.com
2023-02-25 02:55:44,222 [ERROR] ConfigurationRetriever:140 - IOException on connection: citools.st.com
2023-02-25 02:55:44,223 [ERROR] ConfigurationRetriever:140 - IOException on connection: citools.st.com
2023-02-25 02:55:44,229 [ERROR] ConfigurationRetriever:140 - IOException on connection: citools.st.com
2023-02-25 02:55:45,285 [ERROR] ConfigurationRetriever:140 - IOException on connection: citools.st.com
2023-02-25 02:55:45,286 [ERROR] ConfigurationRetriever:140 - IOException on connection: citools.st.com
2023-02-25 02:55:45,286 [ERROR] ConfigurationRetriever:140 - IOException on connection: citools.st.com
2023-02-25 02:55:46,338 [ERROR] ConfigurationRetriever:140 - IOException on connection: citools.st.com
2023-02-25 02:55:46,339 [ERROR] ConfigurationRetriever:140 - IOException on connection: citools.st.com
2023-02-25 02:55:46,339 [ERROR] ConfigurationRetriever:140 - IOException on connection: citools.st.com
2023-02-25 02:55:47,408 [ERROR] ConfigurationRetriever:140 - IOException on connection: citools.st.com
2023-02-25 02:55:47,409 [ERROR] ConfigurationRetriever:140 - IOException on connection: citools.st.com
2023-02-25 02:55:47,409 [ERROR] ConfigurationRetriever:140 - IOException on connection: citools.st.com
2023-02-25 02:55:48,514 [ERROR] ConfigurationRetriever:140 - IOException on connection: citools.st.com
2023-02-25 02:55:48,516 [ERROR] ConfigurationRetriever:140 - IOException on connection: citools.st.com
2023-02-25 02:55:48,516 [ERROR] ConfigurationRetriever:140 - IOException on connection: citools.st.com
2023-02-25 02:55:49,591 [ERROR] ConfigurationRetriever:140 - IOException on connection: citools.st.com
2023-02-25 02:55:49,592 [ERROR] ConfigurationRetriever:140 - IOException on connection: citools.st.com
2023-02-25 02:55:49,613 [ERROR] ConfigurationRetriever:140 - IOException on connection: citools.st.com
2023-02-25 02:58:22,805 [ERROR] ConfigurationRetriever:140 - IOException on connection: citools.st.com
2023-02-25 02:58:22,806 [ERROR] ConfigurationRetriever:140 - IOException on connection: citools.st.com
2023-02-25 02:58:22,807 [ERROR] ConfigurationRetriever:140 - IOException on connection: citools.st.com
2023-08-23 14:26:12,463 [INFO] Activator:179 - 


2023-08-23 14:26:12,465 [INFO] Activator:180 - !SESSION log4j initialized
2023-08-23 14:26:18,235 [ERROR] ConfigurationRetriever:140 - IOException on connection: citools.st.com
2023-08-23 14:26:18,238 [ERROR] ConfigurationRetriever:140 - IOException on connection: citools.st.com
2023-08-23 14:26:18,238 [ERROR] ConfigurationRetriever:140 - IOException on connection: citools.st.com
2023-08-23 14:26:32,308 [ERROR] LogOutputStream:74 - [STDERR_REDIRECT] SLF4J: Failed to load class "org.slf4j.impl.StaticLoggerBinder".
2023-08-23 14:26:32,309 [ERROR] LogOutputStream:74 - [STDERR_REDIRECT] SLF4J: Defaulting to no-operation (NOP) logger implementation
2023-08-23 14:26:32,309 [ERROR] LogOutputStream:74 - [STDERR_REDIRECT] SLF4J: See http://www.slf4j.org/codes.html#StaticLoggerBinder for further details.
2023-08-23 14:26:43,984 [ERROR] ConfigurationRetriever:140 - IOException on connection: citools.st.com
2023-08-23 14:26:43,986 [ERROR] ConfigurationRetriever:140 - IOException on connection: citools.st.com
2023-08-23 14:26:43,986 [ERROR] ConfigurationRetriever:140 - IOException on connection: citools.st.com
