00:41:07 **** Incremental Build of configuration Debug for project 206_mqtt ****
make -j8 all 
arm-none-eabi-gcc "../Src/main.c" -mcpu=cortex-m7 -std=gnu11 -g3 -DUSE_HAL_DRIVER -DSTM32F746xx -DDEBUG -c -I../Middlewares/Third_Party/FreeRTOS/Source/include -I../Middlewares/Third_Party/LwIP/src/include/lwip/priv -I../Middlewares/Third_Party/LwIP/src/include/netif/ppp -I../Drivers/CMSIS/Device/ST/STM32F7xx/Include -I../Drivers/STM32F7xx_HAL_Driver/Inc -I../Middlewares/Third_Party/LwIP/src/include/lwip/prot -I../Middlewares/Third_Party/LwIP/src/include/lwip/apps -I../Middlewares/Third_Party/LwIP/system/arch -I../Middlewares/Third_Party/LwIP/src/include -I../Inc -I../Drivers/CMSIS/Include -I../Middlewares/Third_Party/FreeRTOS/Source/portable/GCC/ARM_CM7/r0p1 -I../Middlewares/Third_Party/LwIP/src/include/lwip -I../Middlewares/Third_Party/FreeRTOS/Source/CMSIS_RTOS -I../Drivers/STM32F7xx_HAL_Driver/Inc/Legacy -I../Middlewares/Third_Party/LwIP/system -I../Middlewares/Third_Party/LwIP/src/include/netif -I../Middlewares/Third_Party/LwIP/src/include/compat/posix -I../Middlewares/Third_Party/LwIP/src/include/compat/posix/arpa -I../Middlewares/Third_Party/LwIP/src/include/compat/posix/net -I../Middlewares/Third_Party/LwIP/src/include/compat/posix/sys -I../Middlewares/Third_Party/LwIP/src/include/compat/stdc -O0 -ffunction-sections -fdata-sections -Wall -fstack-usage -MMD -MP -MF"Src/main.d" -MT"Src/main.o" --specs=nano.specs -mfpu=fpv5-sp-d16 -mfloat-abi=hard -mthumb -o "Src/main.o"
../Src/main.c: In function 'mqtt_incoming_data_cb':
../Src/main.c:125:30: warning: pointer targets in passing argument 2 of 'HAL_UART_Transmit' differ in signedness [-Wpointer-sign]
  125 |   HAL_UART_Transmit(&huart3, "Sin", 3, 2);
      |                              ^~~~~
      |                              |
      |                              char *
In file included from ../Inc/stm32f7xx_hal_conf.h:413,
                 from ../Drivers/STM32F7xx_HAL_Driver/Inc/stm32f7xx_hal.h:30,
                 from ../Inc/main.h:31,
                 from ../Src/main.c:21:
../Drivers/STM32F7xx_HAL_Driver/Inc/stm32f7xx_hal_uart.h:1531:73: note: expected 'uint8_t *' {aka 'unsigned char *'} but argument is of type 'char *'
 1531 | HAL_StatusTypeDef HAL_UART_Transmit(UART_HandleTypeDef *huart, uint8_t *pData, uint16_t Size, uint32_t Timeout);
      |                                                                ~~~~~~~~~^~~~~
../Src/main.c: In function 'mqtt_sub_request_cb':
../Src/main.c:137:36: warning: pointer targets in passing argument 2 of 'HAL_UART_Transmit' differ in signedness [-Wpointer-sign]
  137 |         HAL_UART_Transmit(&huart3, "Ser", 3, 2);
      |                                    ^~~~~
      |                                    |
      |                                    char *
In file included from ../Inc/stm32f7xx_hal_conf.h:413,
                 from ../Drivers/STM32F7xx_HAL_Driver/Inc/stm32f7xx_hal.h:30,
                 from ../Inc/main.h:31,
                 from ../Src/main.c:21:
../Drivers/STM32F7xx_HAL_Driver/Inc/stm32f7xx_hal_uart.h:1531:73: note: expected 'uint8_t *' {aka 'unsigned char *'} but argument is of type 'char *'
 1531 | HAL_StatusTypeDef HAL_UART_Transmit(UART_HandleTypeDef *huart, uint8_t *pData, uint16_t Size, uint32_t Timeout);
      |                                                                ~~~~~~~~~^~~~~
../Src/main.c: In function 'mqtt_connection_cb':
../Src/main.c:158:36: warning: pointer targets in passing argument 2 of 'HAL_UART_Transmit' differ in signedness [-Wpointer-sign]
  158 |         HAL_UART_Transmit(&huart3, "Sfa", 3, 2);
      |                                    ^~~~~
      |                                    |
      |                                    char *
In file included from ../Inc/stm32f7xx_hal_conf.h:413,
                 from ../Drivers/STM32F7xx_HAL_Driver/Inc/stm32f7xx_hal.h:30,
                 from ../Inc/main.h:31,
                 from ../Src/main.c:21:
../Drivers/STM32F7xx_HAL_Driver/Inc/stm32f7xx_hal_uart.h:1531:73: note: expected 'uint8_t *' {aka 'unsigned char *'} but argument is of type 'char *'
 1531 | HAL_StatusTypeDef HAL_UART_Transmit(UART_HandleTypeDef *huart, uint8_t *pData, uint16_t Size, uint32_t Timeout);
      |                                                                ~~~~~~~~~^~~~~
../Src/main.c:160:32: warning: pointer targets in passing argument 2 of 'HAL_UART_Transmit' differ in signedness [-Wpointer-sign]
  160 |     HAL_UART_Transmit(&huart3, "Cok", 3, 2);
      |                                ^~~~~
      |                                |
      |                                char *
In file included from ../Inc/stm32f7xx_hal_conf.h:413,
                 from ../Drivers/STM32F7xx_HAL_Driver/Inc/stm32f7xx_hal.h:30,
                 from ../Inc/main.h:31,
                 from ../Src/main.c:21:
../Drivers/STM32F7xx_HAL_Driver/Inc/stm32f7xx_hal_uart.h:1531:73: note: expected 'uint8_t *' {aka 'unsigned char *'} but argument is of type 'char *'
 1531 | HAL_StatusTypeDef HAL_UART_Transmit(UART_HandleTypeDef *huart, uint8_t *pData, uint16_t Size, uint32_t Timeout);
      |                                                                ~~~~~~~~~^~~~~
../Src/main.c:164:32: warning: pointer targets in passing argument 2 of 'HAL_UART_Transmit' differ in signedness [-Wpointer-sign]
  164 |     HAL_UART_Transmit(&huart3, "Cer", 3, 2);
      |                                ^~~~~
      |                                |
      |                                char *
In file included from ../Inc/stm32f7xx_hal_conf.h:413,
                 from ../Drivers/STM32F7xx_HAL_Driver/Inc/stm32f7xx_hal.h:30,
                 from ../Inc/main.h:31,
                 from ../Src/main.c:21:
../Drivers/STM32F7xx_HAL_Driver/Inc/stm32f7xx_hal_uart.h:1531:73: note: expected 'uint8_t *' {aka 'unsigned char *'} but argument is of type 'char *'
 1531 | HAL_StatusTypeDef HAL_UART_Transmit(UART_HandleTypeDef *huart, uint8_t *pData, uint16_t Size, uint32_t Timeout);
      |                                                                ~~~~~~~~~^~~~~
../Src/main.c: In function 'example_do_connect':
../Src/main.c:192:30: warning: pointer targets in passing argument 2 of 'HAL_UART_Transmit' differ in signedness [-Wpointer-sign]
  192 |   HAL_UART_Transmit(&huart3, "Ctr", 3, 2);
      |                              ^~~~~
      |                              |
      |                              char *
In file included from ../Inc/stm32f7xx_hal_conf.h:413,
                 from ../Drivers/STM32F7xx_HAL_Driver/Inc/stm32f7xx_hal.h:30,
                 from ../Inc/main.h:31,
                 from ../Src/main.c:21:
../Drivers/STM32F7xx_HAL_Driver/Inc/stm32f7xx_hal_uart.h:1531:73: note: expected 'uint8_t *' {aka 'unsigned char *'} but argument is of type 'char *'
 1531 | HAL_StatusTypeDef HAL_UART_Transmit(UART_HandleTypeDef *huart, uint8_t *pData, uint16_t Size, uint32_t Timeout);
      |                                                                ~~~~~~~~~^~~~~
../Src/main.c:200:32: warning: pointer targets in passing argument 2 of 'HAL_UART_Transmit' differ in signedness [-Wpointer-sign]
  200 |     HAL_UART_Transmit(&huart3, "Cfa", 3, 2);
      |                                ^~~~~
      |                                |
      |                                char *
In file included from ../Inc/stm32f7xx_hal_conf.h:413,
                 from ../Drivers/STM32F7xx_HAL_Driver/Inc/stm32f7xx_hal.h:30,
                 from ../Inc/main.h:31,
                 from ../Src/main.c:21:
../Drivers/STM32F7xx_HAL_Driver/Inc/stm32f7xx_hal_uart.h:1531:73: note: expected 'uint8_t *' {aka 'unsigned char *'} but argument is of type 'char *'
 1531 | HAL_StatusTypeDef HAL_UART_Transmit(UART_HandleTypeDef *huart, uint8_t *pData, uint16_t Size, uint32_t Timeout);
      |                                                                ~~~~~~~~~^~~~~
../Src/main.c: In function 'mqtt_pub_request_cb':
../Src/main.c:211:34: warning: pointer targets in passing argument 2 of 'HAL_UART_Transmit' differ in signedness [-Wpointer-sign]
  211 |       HAL_UART_Transmit(&huart3, "Per", 3, 2);
      |                                  ^~~~~
      |                                  |
      |                                  char *
In file included from ../Inc/stm32f7xx_hal_conf.h:413,
                 from ../Drivers/STM32F7xx_HAL_Driver/Inc/stm32f7xx_hal.h:30,
                 from ../Inc/main.h:31,
                 from ../Src/main.c:21:
../Drivers/STM32F7xx_HAL_Driver/Inc/stm32f7xx_hal_uart.h:1531:73: note: expected 'uint8_t *' {aka 'unsigned char *'} but argument is of type 'char *'
 1531 | HAL_StatusTypeDef HAL_UART_Transmit(UART_HandleTypeDef *huart, uint8_t *pData, uint16_t Size, uint32_t Timeout);
      |                                                                ~~~~~~~~~^~~~~
../Src/main.c: In function 'example_publish':
../Src/main.c:227:30: warning: pointer targets in passing argument 2 of 'HAL_UART_Transmit' differ in signedness [-Wpointer-sign]
  227 |   HAL_UART_Transmit(&huart3, "Pub", 3, 2);
      |                              ^~~~~
      |                              |
      |                              char *
In file included from ../Inc/stm32f7xx_hal_conf.h:413,
                 from ../Drivers/STM32F7xx_HAL_Driver/Inc/stm32f7xx_hal.h:30,
                 from ../Inc/main.h:31,
                 from ../Src/main.c:21:
../Drivers/STM32F7xx_HAL_Driver/Inc/stm32f7xx_hal_uart.h:1531:73: note: expected 'uint8_t *' {aka 'unsigned char *'} but argument is of type 'char *'
 1531 | HAL_StatusTypeDef HAL_UART_Transmit(UART_HandleTypeDef *huart, uint8_t *pData, uint16_t Size, uint32_t Timeout);
      |                                                                ~~~~~~~~~^~~~~
arm-none-eabi-gcc -o "206_mqtt.elf" @"objects.list"   -mcpu=cortex-m7 -T"D:\PROJECTS\RTOS\STM\DEMOS\206_mqtt\STM32F746ZGTX_FLASH.ld" --specs=nosys.specs -Wl,-Map="206_mqtt.map" -Wl,--gc-sections -static --specs=nano.specs -mfpu=fpv5-sp-d16 -mfloat-abi=hard -mthumb -Wl,--start-group -lc -lm -Wl,--end-group
Finished building target: 206_mqtt.elf
 
arm-none-eabi-objdump -h -S  206_mqtt.elf  > "206_mqtt.list"
arm-none-eabi-objcopy  -O binary  206_mqtt.elf  "206_mqtt.bin"
arm-none-eabi-size   206_mqtt.elf 
   text	   data	    bss	    dec	    hex	filename
 114060	    140	  45844	 160044	  2712c	206_mqtt.elf
Finished building: default.size.stdout
 
Finished building: 206_mqtt.bin
 
Finished building: 206_mqtt.list
 
00:46:20 **** Incremental Build of configuration Debug for project 206_mqtt ****
make -j8 all 
arm-none-eabi-gcc "../Src/main.c" -mcpu=cortex-m7 -std=gnu11 -g3 -DUSE_HAL_DRIVER -DSTM32F746xx -DDEBUG -c -I../Middlewares/Third_Party/FreeRTOS/Source/include -I../Middlewares/Third_Party/LwIP/src/include/lwip/priv -I../Middlewares/Third_Party/LwIP/src/include/netif/ppp -I../Drivers/CMSIS/Device/ST/STM32F7xx/Include -I../Drivers/STM32F7xx_HAL_Driver/Inc -I../Middlewares/Third_Party/LwIP/src/include/lwip/prot -I../Middlewares/Third_Party/LwIP/src/include/lwip/apps -I../Middlewares/Third_Party/LwIP/system/arch -I../Middlewares/Third_Party/LwIP/src/include -I../Inc -I../Drivers/CMSIS/Include -I../Middlewares/Third_Party/FreeRTOS/Source/portable/GCC/ARM_CM7/r0p1 -I../Middlewares/Third_Party/LwIP/src/include/lwip -I../Middlewares/Third_Party/FreeRTOS/Source/CMSIS_RTOS -I../Drivers/STM32F7xx_HAL_Driver/Inc/Legacy -I../Middlewares/Third_Party/LwIP/system -I../Middlewares/Third_Party/LwIP/src/include/netif -I../Middlewares/Third_Party/LwIP/src/include/compat/posix -I../Middlewares/Third_Party/LwIP/src/include/compat/posix/arpa -I../Middlewares/Third_Party/LwIP/src/include/compat/posix/net -I../Middlewares/Third_Party/LwIP/src/include/compat/posix/sys -I../Middlewares/Third_Party/LwIP/src/include/compat/stdc -O0 -ffunction-sections -fdata-sections -Wall -fstack-usage -MMD -MP -MF"Src/main.d" -MT"Src/main.o" --specs=nano.specs -mfpu=fpv5-sp-d16 -mfloat-abi=hard -mthumb -o "Src/main.o"
../Src/main.c: In function 'mqtt_incoming_data_cb':
../Src/main.c:125:30: warning: pointer targets in passing argument 2 of 'HAL_UART_Transmit' differ in signedness [-Wpointer-sign]
  125 |   HAL_UART_Transmit(&huart3, "Sin", 3, 2);
      |                              ^~~~~
      |                              |
      |                              char *
In file included from ../Inc/stm32f7xx_hal_conf.h:413,
                 from ../Drivers/STM32F7xx_HAL_Driver/Inc/stm32f7xx_hal.h:30,
                 from ../Inc/main.h:31,
                 from ../Src/main.c:21:
../Drivers/STM32F7xx_HAL_Driver/Inc/stm32f7xx_hal_uart.h:1531:73: note: expected 'uint8_t *' {aka 'unsigned char *'} but argument is of type 'char *'
 1531 | HAL_StatusTypeDef HAL_UART_Transmit(UART_HandleTypeDef *huart, uint8_t *pData, uint16_t Size, uint32_t Timeout);
      |                                                                ~~~~~~~~~^~~~~
../Src/main.c: In function 'mqtt_sub_request_cb':
../Src/main.c:137:36: warning: pointer targets in passing argument 2 of 'HAL_UART_Transmit' differ in signedness [-Wpointer-sign]
  137 |         HAL_UART_Transmit(&huart3, "Ser", 3, 2);
      |                                    ^~~~~
      |                                    |
      |                                    char *
In file included from ../Inc/stm32f7xx_hal_conf.h:413,
                 from ../Drivers/STM32F7xx_HAL_Driver/Inc/stm32f7xx_hal.h:30,
                 from ../Inc/main.h:31,
                 from ../Src/main.c:21:
../Drivers/STM32F7xx_HAL_Driver/Inc/stm32f7xx_hal_uart.h:1531:73: note: expected 'uint8_t *' {aka 'unsigned char *'} but argument is of type 'char *'
 1531 | HAL_StatusTypeDef HAL_UART_Transmit(UART_HandleTypeDef *huart, uint8_t *pData, uint16_t Size, uint32_t Timeout);
      |                                                                ~~~~~~~~~^~~~~
../Src/main.c: In function 'mqtt_connection_cb':
../Src/main.c:158:36: warning: pointer targets in passing argument 2 of 'HAL_UART_Transmit' differ in signedness [-Wpointer-sign]
  158 |         HAL_UART_Transmit(&huart3, "Sfa", 3, 2);
      |                                    ^~~~~
      |                                    |
      |                                    char *
In file included from ../Inc/stm32f7xx_hal_conf.h:413,
                 from ../Drivers/STM32F7xx_HAL_Driver/Inc/stm32f7xx_hal.h:30,
                 from ../Inc/main.h:31,
                 from ../Src/main.c:21:
../Drivers/STM32F7xx_HAL_Driver/Inc/stm32f7xx_hal_uart.h:1531:73: note: expected 'uint8_t *' {aka 'unsigned char *'} but argument is of type 'char *'
 1531 | HAL_StatusTypeDef HAL_UART_Transmit(UART_HandleTypeDef *huart, uint8_t *pData, uint16_t Size, uint32_t Timeout);
      |                                                                ~~~~~~~~~^~~~~
../Src/main.c:160:32: warning: pointer targets in passing argument 2 of 'HAL_UART_Transmit' differ in signedness [-Wpointer-sign]
  160 |     HAL_UART_Transmit(&huart3, "Cok", 3, 2);
      |                                ^~~~~
      |                                |
      |                                char *
In file included from ../Inc/stm32f7xx_hal_conf.h:413,
                 from ../Drivers/STM32F7xx_HAL_Driver/Inc/stm32f7xx_hal.h:30,
                 from ../Inc/main.h:31,
                 from ../Src/main.c:21:
../Drivers/STM32F7xx_HAL_Driver/Inc/stm32f7xx_hal_uart.h:1531:73: note: expected 'uint8_t *' {aka 'unsigned char *'} but argument is of type 'char *'
 1531 | HAL_StatusTypeDef HAL_UART_Transmit(UART_HandleTypeDef *huart, uint8_t *pData, uint16_t Size, uint32_t Timeout);
      |                                                                ~~~~~~~~~^~~~~
../Src/main.c:164:32: warning: pointer targets in passing argument 2 of 'HAL_UART_Transmit' differ in signedness [-Wpointer-sign]
  164 |     HAL_UART_Transmit(&huart3, "Cer", 3, 2);
      |                                ^~~~~
      |                                |
      |                                char *
In file included from ../Inc/stm32f7xx_hal_conf.h:413,
                 from ../Drivers/STM32F7xx_HAL_Driver/Inc/stm32f7xx_hal.h:30,
                 from ../Inc/main.h:31,
                 from ../Src/main.c:21:
../Drivers/STM32F7xx_HAL_Driver/Inc/stm32f7xx_hal_uart.h:1531:73: note: expected 'uint8_t *' {aka 'unsigned char *'} but argument is of type 'char *'
 1531 | HAL_StatusTypeDef HAL_UART_Transmit(UART_HandleTypeDef *huart, uint8_t *pData, uint16_t Size, uint32_t Timeout);
      |                                                                ~~~~~~~~~^~~~~
../Src/main.c: In function 'example_do_connect':
../Src/main.c:192:30: warning: pointer targets in passing argument 2 of 'HAL_UART_Transmit' differ in signedness [-Wpointer-sign]
  192 |   HAL_UART_Transmit(&huart3, "Ctr", 3, 2);
      |                              ^~~~~
      |                              |
      |                              char *
In file included from ../Inc/stm32f7xx_hal_conf.h:413,
                 from ../Drivers/STM32F7xx_HAL_Driver/Inc/stm32f7xx_hal.h:30,
                 from ../Inc/main.h:31,
                 from ../Src/main.c:21:
../Drivers/STM32F7xx_HAL_Driver/Inc/stm32f7xx_hal_uart.h:1531:73: note: expected 'uint8_t *' {aka 'unsigned char *'} but argument is of type 'char *'
 1531 | HAL_StatusTypeDef HAL_UART_Transmit(UART_HandleTypeDef *huart, uint8_t *pData, uint16_t Size, uint32_t Timeout);
      |                                                                ~~~~~~~~~^~~~~
../Src/main.c:200:32: warning: pointer targets in passing argument 2 of 'HAL_UART_Transmit' differ in signedness [-Wpointer-sign]
  200 |     HAL_UART_Transmit(&huart3, "Cfa", 3, 2);
      |                                ^~~~~
      |                                |
      |                                char *
In file included from ../Inc/stm32f7xx_hal_conf.h:413,
                 from ../Drivers/STM32F7xx_HAL_Driver/Inc/stm32f7xx_hal.h:30,
                 from ../Inc/main.h:31,
                 from ../Src/main.c:21:
../Drivers/STM32F7xx_HAL_Driver/Inc/stm32f7xx_hal_uart.h:1531:73: note: expected 'uint8_t *' {aka 'unsigned char *'} but argument is of type 'char *'
 1531 | HAL_StatusTypeDef HAL_UART_Transmit(UART_HandleTypeDef *huart, uint8_t *pData, uint16_t Size, uint32_t Timeout);
      |                                                                ~~~~~~~~~^~~~~
../Src/main.c: In function 'mqtt_pub_request_cb':
../Src/main.c:211:34: warning: pointer targets in passing argument 2 of 'HAL_UART_Transmit' differ in signedness [-Wpointer-sign]
  211 |       HAL_UART_Transmit(&huart3, "Per", 3, 2);
      |                                  ^~~~~
      |                                  |
      |                                  char *
In file included from ../Inc/stm32f7xx_hal_conf.h:413,
                 from ../Drivers/STM32F7xx_HAL_Driver/Inc/stm32f7xx_hal.h:30,
                 from ../Inc/main.h:31,
                 from ../Src/main.c:21:
../Drivers/STM32F7xx_HAL_Driver/Inc/stm32f7xx_hal_uart.h:1531:73: note: expected 'uint8_t *' {aka 'unsigned char *'} but argument is of type 'char *'
 1531 | HAL_StatusTypeDef HAL_UART_Transmit(UART_HandleTypeDef *huart, uint8_t *pData, uint16_t Size, uint32_t Timeout);
      |                                                                ~~~~~~~~~^~~~~
../Src/main.c: In function 'example_publish':
../Src/main.c:227:30: warning: pointer targets in passing argument 2 of 'HAL_UART_Transmit' differ in signedness [-Wpointer-sign]
  227 |   HAL_UART_Transmit(&huart3, "Pub", 3, 2);
      |                              ^~~~~
      |                              |
      |                              char *
In file included from ../Inc/stm32f7xx_hal_conf.h:413,
                 from ../Drivers/STM32F7xx_HAL_Driver/Inc/stm32f7xx_hal.h:30,
                 from ../Inc/main.h:31,
                 from ../Src/main.c:21:
../Drivers/STM32F7xx_HAL_Driver/Inc/stm32f7xx_hal_uart.h:1531:73: note: expected 'uint8_t *' {aka 'unsigned char *'} but argument is of type 'char *'
 1531 | HAL_StatusTypeDef HAL_UART_Transmit(UART_HandleTypeDef *huart, uint8_t *pData, uint16_t Size, uint32_t Timeout);
      |                                                                ~~~~~~~~~^~~~~
arm-none-eabi-gcc -o "206_mqtt.elf" @"objects.list"   -mcpu=cortex-m7 -T"D:\PROJECTS\RTOS\STM\DEMOS\206_mqtt\STM32F746ZGTX_FLASH.ld" --specs=nosys.specs -Wl,-Map="206_mqtt.map" -Wl,--gc-sections -static --specs=nano.specs -mfpu=fpv5-sp-d16 -mfloat-abi=hard -mthumb -Wl,--start-group -lc -lm -Wl,--end-group
Finished building target: 206_mqtt.elf
 
arm-none-eabi-objdump -h -S  206_mqtt.elf  > "206_mqtt.list"
arm-none-eabi-objcopy  -O binary  206_mqtt.elf  "206_mqtt.bin"
arm-none-eabi-size   206_mqtt.elf 
   text	   data	    bss	    dec	    hex	filename
 114060	    140	  45844	 160044	  2712c	206_mqtt.elf
Finished building: default.size.stdout
 
Finished building: 206_mqtt.bin
 
Finished building: 206_mqtt.list
 
00:47:12 **** Incremental Build of configuration Debug for project 206_mqtt ****
make -j8 all 
arm-none-eabi-gcc "../Src/main.c" -mcpu=cortex-m7 -std=gnu11 -g3 -DUSE_HAL_DRIVER -DSTM32F746xx -DDEBUG -c -I../Middlewares/Third_Party/FreeRTOS/Source/include -I../Middlewares/Third_Party/LwIP/src/include/lwip/priv -I../Middlewares/Third_Party/LwIP/src/include/netif/ppp -I../Drivers/CMSIS/Device/ST/STM32F7xx/Include -I../Drivers/STM32F7xx_HAL_Driver/Inc -I../Middlewares/Third_Party/LwIP/src/include/lwip/prot -I../Middlewares/Third_Party/LwIP/src/include/lwip/apps -I../Middlewares/Third_Party/LwIP/system/arch -I../Middlewares/Third_Party/LwIP/src/include -I../Inc -I../Drivers/CMSIS/Include -I../Middlewares/Third_Party/FreeRTOS/Source/portable/GCC/ARM_CM7/r0p1 -I../Middlewares/Third_Party/LwIP/src/include/lwip -I../Middlewares/Third_Party/FreeRTOS/Source/CMSIS_RTOS -I../Drivers/STM32F7xx_HAL_Driver/Inc/Legacy -I../Middlewares/Third_Party/LwIP/system -I../Middlewares/Third_Party/LwIP/src/include/netif -I../Middlewares/Third_Party/LwIP/src/include/compat/posix -I../Middlewares/Third_Party/LwIP/src/include/compat/posix/arpa -I../Middlewares/Third_Party/LwIP/src/include/compat/posix/net -I../Middlewares/Third_Party/LwIP/src/include/compat/posix/sys -I../Middlewares/Third_Party/LwIP/src/include/compat/stdc -O0 -ffunction-sections -fdata-sections -Wall -fstack-usage -MMD -MP -MF"Src/main.d" -MT"Src/main.o" --specs=nano.specs -mfpu=fpv5-sp-d16 -mfloat-abi=hard -mthumb -o "Src/main.o"
../Src/main.c: In function 'mqtt_incoming_data_cb':
../Src/main.c:125:30: warning: pointer targets in passing argument 2 of 'HAL_UART_Transmit' differ in signedness [-Wpointer-sign]
  125 |   HAL_UART_Transmit(&huart3, "Sin", 3, 2);
      |                              ^~~~~
      |                              |
      |                              char *
In file included from ../Inc/stm32f7xx_hal_conf.h:413,
                 from ../Drivers/STM32F7xx_HAL_Driver/Inc/stm32f7xx_hal.h:30,
                 from ../Inc/main.h:31,
                 from ../Src/main.c:21:
../Drivers/STM32F7xx_HAL_Driver/Inc/stm32f7xx_hal_uart.h:1531:73: note: expected 'uint8_t *' {aka 'unsigned char *'} but argument is of type 'char *'
 1531 | HAL_StatusTypeDef HAL_UART_Transmit(UART_HandleTypeDef *huart, uint8_t *pData, uint16_t Size, uint32_t Timeout);
      |                                                                ~~~~~~~~~^~~~~
../Src/main.c: In function 'mqtt_sub_request_cb':
../Src/main.c:137:36: warning: pointer targets in passing argument 2 of 'HAL_UART_Transmit' differ in signedness [-Wpointer-sign]
  137 |         HAL_UART_Transmit(&huart3, "Ser", 3, 2);
      |                                    ^~~~~
      |                                    |
      |                                    char *
In file included from ../Inc/stm32f7xx_hal_conf.h:413,
                 from ../Drivers/STM32F7xx_HAL_Driver/Inc/stm32f7xx_hal.h:30,
                 from ../Inc/main.h:31,
                 from ../Src/main.c:21:
../Drivers/STM32F7xx_HAL_Driver/Inc/stm32f7xx_hal_uart.h:1531:73: note: expected 'uint8_t *' {aka 'unsigned char *'} but argument is of type 'char *'
 1531 | HAL_StatusTypeDef HAL_UART_Transmit(UART_HandleTypeDef *huart, uint8_t *pData, uint16_t Size, uint32_t Timeout);
      |                                                                ~~~~~~~~~^~~~~
../Src/main.c: In function 'mqtt_connection_cb':
../Src/main.c:158:36: warning: pointer targets in passing argument 2 of 'HAL_UART_Transmit' differ in signedness [-Wpointer-sign]
  158 |         HAL_UART_Transmit(&huart3, "Sfa", 3, 2);
      |                                    ^~~~~
      |                                    |
      |                                    char *
In file included from ../Inc/stm32f7xx_hal_conf.h:413,
                 from ../Drivers/STM32F7xx_HAL_Driver/Inc/stm32f7xx_hal.h:30,
                 from ../Inc/main.h:31,
                 from ../Src/main.c:21:
../Drivers/STM32F7xx_HAL_Driver/Inc/stm32f7xx_hal_uart.h:1531:73: note: expected 'uint8_t *' {aka 'unsigned char *'} but argument is of type 'char *'
 1531 | HAL_StatusTypeDef HAL_UART_Transmit(UART_HandleTypeDef *huart, uint8_t *pData, uint16_t Size, uint32_t Timeout);
      |                                                                ~~~~~~~~~^~~~~
../Src/main.c:160:32: warning: pointer targets in passing argument 2 of 'HAL_UART_Transmit' differ in signedness [-Wpointer-sign]
  160 |     HAL_UART_Transmit(&huart3, "Cok", 3, 2);
      |                                ^~~~~
      |                                |
      |                                char *
In file included from ../Inc/stm32f7xx_hal_conf.h:413,
                 from ../Drivers/STM32F7xx_HAL_Driver/Inc/stm32f7xx_hal.h:30,
                 from ../Inc/main.h:31,
                 from ../Src/main.c:21:
../Drivers/STM32F7xx_HAL_Driver/Inc/stm32f7xx_hal_uart.h:1531:73: note: expected 'uint8_t *' {aka 'unsigned char *'} but argument is of type 'char *'
 1531 | HAL_StatusTypeDef HAL_UART_Transmit(UART_HandleTypeDef *huart, uint8_t *pData, uint16_t Size, uint32_t Timeout);
      |                                                                ~~~~~~~~~^~~~~
../Src/main.c:164:32: warning: pointer targets in passing argument 2 of 'HAL_UART_Transmit' differ in signedness [-Wpointer-sign]
  164 |     HAL_UART_Transmit(&huart3, "Cer", 3, 2);
      |                                ^~~~~
      |                                |
      |                                char *
In file included from ../Inc/stm32f7xx_hal_conf.h:413,
                 from ../Drivers/STM32F7xx_HAL_Driver/Inc/stm32f7xx_hal.h:30,
                 from ../Inc/main.h:31,
                 from ../Src/main.c:21:
../Drivers/STM32F7xx_HAL_Driver/Inc/stm32f7xx_hal_uart.h:1531:73: note: expected 'uint8_t *' {aka 'unsigned char *'} but argument is of type 'char *'
 1531 | HAL_StatusTypeDef HAL_UART_Transmit(UART_HandleTypeDef *huart, uint8_t *pData, uint16_t Size, uint32_t Timeout);
      |                                                                ~~~~~~~~~^~~~~
../Src/main.c: In function 'example_do_connect':
../Src/main.c:192:30: warning: pointer targets in passing argument 2 of 'HAL_UART_Transmit' differ in signedness [-Wpointer-sign]
  192 |   HAL_UART_Transmit(&huart3, "Ctr", 3, 2);
      |                              ^~~~~
      |                              |
      |                              char *
In file included from ../Inc/stm32f7xx_hal_conf.h:413,
                 from ../Drivers/STM32F7xx_HAL_Driver/Inc/stm32f7xx_hal.h:30,
                 from ../Inc/main.h:31,
                 from ../Src/main.c:21:
../Drivers/STM32F7xx_HAL_Driver/Inc/stm32f7xx_hal_uart.h:1531:73: note: expected 'uint8_t *' {aka 'unsigned char *'} but argument is of type 'char *'
 1531 | HAL_StatusTypeDef HAL_UART_Transmit(UART_HandleTypeDef *huart, uint8_t *pData, uint16_t Size, uint32_t Timeout);
      |                                                                ~~~~~~~~~^~~~~
../Src/main.c:200:32: warning: pointer targets in passing argument 2 of 'HAL_UART_Transmit' differ in signedness [-Wpointer-sign]
  200 |     HAL_UART_Transmit(&huart3, "Cfa", 3, 2);
      |                                ^~~~~
      |                                |
      |                                char *
In file included from ../Inc/stm32f7xx_hal_conf.h:413,
                 from ../Drivers/STM32F7xx_HAL_Driver/Inc/stm32f7xx_hal.h:30,
                 from ../Inc/main.h:31,
                 from ../Src/main.c:21:
../Drivers/STM32F7xx_HAL_Driver/Inc/stm32f7xx_hal_uart.h:1531:73: note: expected 'uint8_t *' {aka 'unsigned char *'} but argument is of type 'char *'
 1531 | HAL_StatusTypeDef HAL_UART_Transmit(UART_HandleTypeDef *huart, uint8_t *pData, uint16_t Size, uint32_t Timeout);
      |                                                                ~~~~~~~~~^~~~~
../Src/main.c: In function 'mqtt_pub_request_cb':
../Src/main.c:211:34: warning: pointer targets in passing argument 2 of 'HAL_UART_Transmit' differ in signedness [-Wpointer-sign]
  211 |       HAL_UART_Transmit(&huart3, "Per", 3, 2);
      |                                  ^~~~~
      |                                  |
      |                                  char *
In file included from ../Inc/stm32f7xx_hal_conf.h:413,
                 from ../Drivers/STM32F7xx_HAL_Driver/Inc/stm32f7xx_hal.h:30,
                 from ../Inc/main.h:31,
                 from ../Src/main.c:21:
../Drivers/STM32F7xx_HAL_Driver/Inc/stm32f7xx_hal_uart.h:1531:73: note: expected 'uint8_t *' {aka 'unsigned char *'} but argument is of type 'char *'
 1531 | HAL_StatusTypeDef HAL_UART_Transmit(UART_HandleTypeDef *huart, uint8_t *pData, uint16_t Size, uint32_t Timeout);
      |                                                                ~~~~~~~~~^~~~~
../Src/main.c: In function 'example_publish':
../Src/main.c:227:30: warning: pointer targets in passing argument 2 of 'HAL_UART_Transmit' differ in signedness [-Wpointer-sign]
  227 |   HAL_UART_Transmit(&huart3, "Pub", 3, 2);
      |                              ^~~~~
      |                              |
      |                              char *
In file included from ../Inc/stm32f7xx_hal_conf.h:413,
                 from ../Drivers/STM32F7xx_HAL_Driver/Inc/stm32f7xx_hal.h:30,
                 from ../Inc/main.h:31,
                 from ../Src/main.c:21:
../Drivers/STM32F7xx_HAL_Driver/Inc/stm32f7xx_hal_uart.h:1531:73: note: expected 'uint8_t *' {aka 'unsigned char *'} but argument is of type 'char *'
 1531 | HAL_StatusTypeDef HAL_UART_Transmit(UART_HandleTypeDef *huart, uint8_t *pData, uint16_t Size, uint32_t Timeout);
      |                                                                ~~~~~~~~~^~~~~
arm-none-eabi-gcc -o "206_mqtt.elf" @"objects.list"   -mcpu=cortex-m7 -T"D:\PROJECTS\RTOS\STM\DEMOS\206_mqtt\STM32F746ZGTX_FLASH.ld" --specs=nosys.specs -Wl,-Map="206_mqtt.map" -Wl,--gc-sections -static --specs=nano.specs -mfpu=fpv5-sp-d16 -mfloat-abi=hard -mthumb -Wl,--start-group -lc -lm -Wl,--end-group
Finished building target: 206_mqtt.elf
 
arm-none-eabi-objdump -h -S  206_mqtt.elf  > "206_mqtt.list"
arm-none-eabi-objcopy  -O binary  206_mqtt.elf  "206_mqtt.bin"
arm-none-eabi-size   206_mqtt.elf 
   text	   data	    bss	    dec	    hex	filename
 114060	    140	  45844	 160044	  2712c	206_mqtt.elf
Finished building: default.size.stdout
 
Finished building: 206_mqtt.bin
 
Finished building: 206_mqtt.list
 
00:51:16 **** Clean-only build of configuration Debug for project 001_digital_io ****
make -j8 clean 
rm -rf *
 
00:51:16 **** Clean-only build of configuration Debug for project 002_digital_io_int ****
make -j8 clean 
rm -rf *
 
00:51:16 **** Clean-only build of configuration Debug for project 003_timer ****
make -j8 clean 
rm -rf *
 
00:51:16 **** Clean-only build of configuration Debug for project 004_pwm ****
make -j8 clean 
rm -rf *
 
00:51:17 **** Clean-only build of configuration Debug for project 004_pwm_chn ****
make -j8 clean 
rm -rf *
 
00:51:17 **** Clean-only build of configuration Debug for project 005_pwm_n_int ****
make -j8 clean 
rm -rf *
 
00:51:17 **** Clean-only build of configuration Debug for project 006_sleep ****
make -j8 clean 
rm -rf *
 
00:51:17 **** Clean-only build of configuration Debug for project 007_timer2_n_clock ****
make -j8 clean 
rm -rf *
 
00:51:17 **** Clean-only build of configuration Debug for project 008_uart ****
make -j8 clean 
rm -rf *
 
00:51:18 **** Clean-only build of configuration Debug for project 009_uart_rxint ****
make -j8 clean 
rm -rf *
 
00:51:18 **** Clean-only build of configuration Debug for project 010_uart_crosscom ****
make -j8 clean 
rm -rf *
 
00:51:18 **** Clean-only build of configuration Debug for project 011_adc_simple ****
make -j8 clean 
rm -rf *
 
00:51:18 **** Clean-only build of configuration Debug for project 012_adc_dma ****
make -j8 clean 
rm -rf *
 
00:51:18 **** Clean-only build of configuration Debug for project 013_adc_dma_timer2 ****
make -j8 clean 
rm -rf *
 
00:51:19 **** Clean-only build of configuration Debug for project 014_adc_dma_timer2_int ****
make -j8 clean 
rm -rf *
 
00:51:19 **** Clean-only build of configuration Debug for project 015_dac_simple ****
make -j8 clean 
rm -rf *
 
00:51:19 **** Clean-only build of configuration Debug for project 016_dac_dma_timer2 ****
make -j8 clean 
rm -rf *
 
00:51:19 **** Clean-only build of configuration Debug for project 021_int_priority ****
make -j8 clean 
rm -rf *
 
00:51:19 **** Clean-only build of configuration Debug for project 101_first_tasks ****
make -j8 clean 
rm -rf *
 
00:51:20 **** Clean-only build of configuration Debug for project 102_adc_pwm ****
make -j8 clean 
rm -rf *
 
00:51:20 **** Clean-only build of configuration Debug for project 103_semaphore_from_int ****
make -j8 clean 
rm -rf *
 
00:51:20 **** Clean-only build of configuration Debug for project 104_uart_rx_queue ****
make -j8 clean 
rm -rf *
 
00:51:20 **** Clean-only build of configuration Debug for project 105_uart_rx_queue_w_mutex ****
make -j8 clean 
rm -rf *
 
00:51:20 **** Clean-only build of configuration Debug for project 106_uart_rx_tx_driver ****
make -j8 clean 
rm -rf *
 
00:51:21 **** Clean-only build of configuration Debug for project 111_idle_hook ****
make -j8 clean 
rm -rf *
 
00:51:21 **** Clean-only build of configuration Debug for project 112_tickless ****
make -j8 clean 
rm -rf *
 
00:51:21 **** Clean-only build of configuration Debug for project 113_corutines ****
make -j8 clean 
rm -rf *
 
00:51:21 **** Clean-only build of configuration Debug for project 114_first_static ****
make -j8 clean 
rm -rf *
 
00:51:22 **** Clean-only build of configuration Debug for project 201_web_demo ****
make -j8 clean 
rm -rf *
 
00:51:22 **** Clean-only build of configuration Debug for project 202_web_static ****
make -j8 clean 
rm -rf *
 
00:51:22 **** Clean-only build of configuration Debug for project 203_web_interactive ****
make -j8 clean 
rm -rf *
 
00:51:23 **** Clean-only build of configuration Debug for project 205_ntp ****
make -j8 clean 
rm -rf *
 
00:51:23 **** Clean-only build of configuration Debug for project 206_mqtt ****
make -j8 clean 
rm -rf *
 
00:51:23 **** Clean-only build of configuration Debug for project 207_lwip_blank ****
make -j8 clean 
rm -rf *
 
00:51:24 **** Clean-only build of configuration Debug for project review1_2020 ****
make -j8 clean 
rm -rf *
 
00:51:24 **** Clean-only build of configuration Debug for project review2_2020 ****
make -j8 clean 
rm -rf *
 
00:51:24 **** Clean-only build of configuration Debug for project review3_2020 ****
make -j8 clean 
rm -rf *
 
00:51:25 **** Clean-only build of configuration Debug for project rewiew25 ****
make -j8 clean 
rm -rf *
 
